11:55:06 **** Build of configuration Nios II for project MasterSoC_3pAIP_v2 ****
make all 
Info: Building ../MasterSoC_3pAIP_v2_bsp/
C:/intelFPGA_lite/18.1/nios2eds/bin/gnu/H-x86_64-mingw32/bin/make --no-print-directory -C ../MasterSoC_3pAIP_v2_bsp/
[BSP build complete]
[MasterSoC_3pAIP_v2 build complete]
11:55:21 **** Build of configuration Nios II for project MasterSoC_3pAIP_v2 ****
make all 
Info: Building ../MasterSoC_3pAIP_v2_bsp/
C:/intelFPGA_lite/18.1/nios2eds/bin/gnu/H-x86_64-mingw32/bin/make --no-print-directory -C ../MasterSoC_3pAIP_v2_bsp/
[BSP build complete]
[MasterSoC_3pAIP_v2 build complete]
11:55:23 **** Incremental Build of configuration Nios II for project MasterSoC_3pAIP_v2 ****
make all 
Info: Building ../MasterSoC_3pAIP_v2_bsp/
C:/intelFPGA_lite/18.1/nios2eds/bin/gnu/H-x86_64-mingw32/bin/make --no-print-directory -C ../MasterSoC_3pAIP_v2_bsp/
[BSP build complete]
[MasterSoC_3pAIP_v2 build complete]
11:58:46 **** Build of configuration Nios II for project MasterSoC_3pAIP_v2 ****
make all 
Info: Building ../MasterSoC_3pAIP_v2_bsp/
C:/intelFPGA_lite/18.1/nios2eds/bin/gnu/H-x86_64-mingw32/bin/make --no-print-directory -C ../MasterSoC_3pAIP_v2_bsp/
[BSP build complete]
Info: Compiling main.c to obj/default/main.o
nios2-elf-gcc -xc -MP -MMD -c -I../../Firmware/src/platform_generic -I../MasterSoC_3pAIP_v2_bsp//HAL/inc -I../MasterSoC_3pAIP_v2_bsp/ -I../MasterSoC_3pAIP_v2_bsp//drivers/inc  -pipe -D__hal__ -DALT_NO_C_PLUS_PLUS -DALT_NO_CLEAN_EXIT -D'exit(a)=_exit(a)' -DALT_NO_EXIT -DALT_USE_DIRECT_DRIVERS -DALT_NO_INSTRUCTION_EMULATION -DALT_USE_SMALL_DRIVERS -DSMALL_C_LIB -DALT_SINGLE_THREADED    -Os -g -Wall   -mno-hw-div -mno-hw-mul -mno-hw-mulx -mgpopt=global  -o obj/default/main.o main.c
main.c: In function 'main':
main.c:147:5: warning: implicit declaration of function 'ID00004003_readData' [-Wimplicit-function-declaration]
     ID00004003_readData(AIP_UP_0_BASE, data, 4,0);
     ^
main.c:154:5: warning: implicit declaration of function 'spidev_interface_transact' [-Wimplicit-function-declaration]
     spidev_interface_transact(0x22A10000, 1);
     ^
main.c:28:14: warning: unused variable 'dataFlits' [-Wunused-variable]
     uint32_t dataFlits[DUMMY_MEM_SIZE];
              ^
main.c:27:14: warning: unused variable 'dataFlit' [-Wunused-variable]
     uint32_t dataFlit = 0;
              ^
Info: Linking MasterSoC_3pAIP_v2.elf
nios2-elf-g++  -T'../MasterSoC_3pAIP_v2_bsp//linker.x' -msys-crt0='../MasterSoC_3pAIP_v2_bsp//obj/HAL/src/crt0.o' -msys-lib=hal_bsp -L../MasterSoC_3pAIP_v2_bsp/  -msmallc  -Wl,-Map=MasterSoC_3pAIP_v2.map   -Os -g -Wall   -mno-hw-div -mno-hw-mul -mno-hw-mulx -mgpopt=global  -o MasterSoC_3pAIP_v2.elf obj/default/ID00001001_dummy.o obj/default/ID00004003_masterSOC.o obj/default/aip.o obj/default/main.o obj/default/spi.o obj/default/platform.o obj/default/util.o -lm -msys-lib=m
nios2-elf-insert MasterSoC_3pAIP_v2.elf --thread_model hal --cpu_name nios2_gen2_0 --qsys true --simulation_enabled false --stderr_dev jtag_uart_0 --stdin_dev jtag_uart_0 --stdout_dev jtag_uart_0 --sopc_system_name master_nios_multiple_slave --quartus_project_dir "C:/WorkspaceDDigital/LSM7002M_NIOS_driver/MasterSoC_DE1SoC/MasterSoC_Controller" --sopcinfo C:/WorkspaceDDigital/LSM7002M_NIOS_driver/MasterSoC_DE1SoC/MasterSoC_Controller/software/MasterSoC_3pAIP_v2_bsp/../../master_nios_multiple_slave.sopcinfo
Info: (MasterSoC_3pAIP_v2.elf) 10 KBytes program size (code + initialized data).
Info:                          238 KBytes free for stack + heap.
Info: Creating MasterSoC_3pAIP_v2.objdump
nios2-elf-objdump --disassemble --syms --all-header --source MasterSoC_3pAIP_v2.elf >MasterSoC_3pAIP_v2.objdump
[MasterSoC_3pAIP_v2 build complete]
11:58:55 **** Incremental Build of configuration Nios II for project MasterSoC_3pAIP_v2 ****
make all 
Info: Building ../MasterSoC_3pAIP_v2_bsp/
C:/intelFPGA_lite/18.1/nios2eds/bin/gnu/H-x86_64-mingw32/bin/make --no-print-directory -C ../MasterSoC_3pAIP_v2_bsp/
[BSP build complete]
[MasterSoC_3pAIP_v2 build complete]
13:09:06 **** Build of configuration Nios II for project MasterSoC_3pAIP_v2 ****
make all 
Info: Building ../MasterSoC_3pAIP_v2_bsp/
C:/intelFPGA_lite/18.1/nios2eds/bin/gnu/H-x86_64-mingw32/bin/make --no-print-directory -C ../MasterSoC_3pAIP_v2_bsp/
[BSP build complete]
Info: Compiling main.c to obj/default/main.o
nios2-elf-gcc -xc -MP -MMD -c -I../../Firmware/src/platform_generic -I../MasterSoC_3pAIP_v2_bsp//HAL/inc -I../MasterSoC_3pAIP_v2_bsp/ -I../MasterSoC_3pAIP_v2_bsp//drivers/inc  -pipe -D__hal__ -DALT_NO_C_PLUS_PLUS -DALT_NO_CLEAN_EXIT -D'exit(a)=_exit(a)' -DALT_NO_EXIT -DALT_USE_DIRECT_DRIVERS -DALT_NO_INSTRUCTION_EMULATION -DALT_USE_SMALL_DRIVERS -DSMALL_C_LIB -DALT_SINGLE_THREADED    -Os -g -Wall   -mno-hw-div -mno-hw-mul -mno-hw-mulx -mgpopt=global  -o obj/default/main.o main.c
main.c: In function 'main':
main.c:147:5: warning: implicit declaration of function 'ID00004003_readData' [-Wimplicit-function-declaration]
     ID00004003_readData(AIP_UP_0_BASE, data, 4,0);
     ^
main.c:153:5: warning: implicit declaration of function 'spidev_interface_transact' [-Wimplicit-function-declaration]
     spidev_interface_transact(0xABCD1234, 0);
     ^
main.c:28:14: warning: unused variable 'dataFlits' [-Wunused-variable]
     uint32_t dataFlits[DUMMY_MEM_SIZE];
              ^
main.c:27:14: warning: unused variable 'dataFlit' [-Wunused-variable]
     uint32_t dataFlit = 0;
              ^
Info: Linking MasterSoC_3pAIP_v2.elf
nios2-elf-g++  -T'../MasterSoC_3pAIP_v2_bsp//linker.x' -msys-crt0='../MasterSoC_3pAIP_v2_bsp//obj/HAL/src/crt0.o' -msys-lib=hal_bsp -L../MasterSoC_3pAIP_v2_bsp/  -msmallc  -Wl,-Map=MasterSoC_3pAIP_v2.map   -Os -g -Wall   -mno-hw-div -mno-hw-mul -mno-hw-mulx -mgpopt=global  -o MasterSoC_3pAIP_v2.elf obj/default/ID00001001_dummy.o obj/default/ID00004003_masterSOC.o obj/default/aip.o obj/default/main.o obj/default/spi.o obj/default/platform.o obj/default/util.o -lm -msys-lib=m
nios2-elf-insert MasterSoC_3pAIP_v2.elf --thread_model hal --cpu_name nios2_gen2_0 --qsys true --simulation_enabled false --stderr_dev jtag_uart_0 --stdin_dev jtag_uart_0 --stdout_dev jtag_uart_0 --sopc_system_name master_nios_multiple_slave --quartus_project_dir "C:/WorkspaceDDigital/LSM7002M_NIOS_driver/MasterSoC_DE1SoC/MasterSoC_Controller" --sopcinfo C:/WorkspaceDDigital/LSM7002M_NIOS_driver/MasterSoC_DE1SoC/MasterSoC_Controller/software/MasterSoC_3pAIP_v2_bsp/../../master_nios_multiple_slave.sopcinfo
Info: (MasterSoC_3pAIP_v2.elf) 10 KBytes program size (code + initialized data).
Info:                          238 KBytes free for stack + heap.
Info: Creating MasterSoC_3pAIP_v2.objdump
nios2-elf-objdump --disassemble --syms --all-header --source MasterSoC_3pAIP_v2.elf >MasterSoC_3pAIP_v2.objdump
[MasterSoC_3pAIP_v2 build complete]
13:09:09 **** Incremental Build of configuration Nios II for project MasterSoC_3pAIP_v2 ****
make all 
Info: Building ../MasterSoC_3pAIP_v2_bsp/
C:/intelFPGA_lite/18.1/nios2eds/bin/gnu/H-x86_64-mingw32/bin/make --no-print-directory -C ../MasterSoC_3pAIP_v2_bsp/
[BSP build complete]
[MasterSoC_3pAIP_v2 build complete]
